
{
  level: 'error',
  message: 'admin@ltwtech.it : Wrong Email/ Password combination!',
  timestamp: '2022-10-31T08:33:00.112Z'
}
{
  level: 'error',
  message: 'admin@ltwtech.it : Wrong Email/ Password combination!',
  timestamp: '2022-10-31T08:33:03.025Z'
}
{
  level: 'error',
  message: 'admin@ltwtech.it : Wrong Email/ Password combination!',
  timestamp: '2022-10-31T08:36:43.933Z'
}
{
  level: 'error',
  message: 'admin@ltwtech.it : Wrong Email/ Password combination!',
  timestamp: '2022-10-31T09:46:17.051Z'
}
{
  level: 'error',
  message: 'vjvfc2k16@gmail.com : Wrong Email/ Password combination!',
  timestamp: '2022-11-02T06:54:29.505Z'
}
{
  level: 'error',
  message: 'vjvfc2k16@gmail.com : Wrong Email/ Password combination!',
  timestamp: '2022-11-02T08:42:57.883Z'
}
{
  level: 'error',
  message: 'vjvfc2k16@gmail.com : Wrong Email/ Password combination!',
  timestamp: '2022-11-02T08:55:33.330Z'
}
{
  level: 'error',
  message: 'vjvfc2k16@gmail.com : Wrong Email/ Password combination!',
  timestamp: '2022-11-03T04:07:51.349Z'
}
{
  level: 'error',
  message: 'vjvfc2k16@gmail.com : Wrong Email/ Password combination!',
  timestamp: '2022-11-03T05:07:46.532Z'
}
{
  level: 'error',
  message: 'vjvfc2k16@gmail.com : Wrong Email/ Password combination!',
  timestamp: '2022-11-03T05:11:30.796Z'
}
{
  level: 'error',
  message: 'vjvfc2k16@gmail.com : Wrong Email/ Password combination!',
  timestamp: '2022-11-03T05:35:41.046Z'
}
{
  level: 'error',
  message: 'vjvfc2k16@gmail.com : Wrong Email/ Password combination!',
  timestamp: '2022-11-03T06:24:42.245Z'
}
{
  level: 'error',
  message: 'vjvfc2k16@gmail.com : Wrong Email/ Password combination!',
  timestamp: '2022-11-03T07:00:47.716Z'
}
{
  level: 'error',
  message: 'admin@ltwtech.it : Wrong Email/ Password combination!',
  timestamp: '2022-11-04T05:51:29.844Z'
}
{
  level: 'error',
  message: 'admin@ltwtech.it : Wrong Email/ Password combination!',
  timestamp: '2022-11-07T03:51:07.136Z'
}
{
  level: 'error',
  message: 'admin@ltwtech.it : Wrong Email/ Password combination!',
  timestamp: '2022-11-07T03:51:10.073Z'
}
{
  level: 'error',
  message: 'admin@ltwtech.it : Wrong Email/ Password combination!',
  timestamp: '2022-11-07T03:51:11.358Z'
}
{
  level: 'error',
  message: 'abc@gmail.com : Wrong Email/ Password combination!',
  timestamp: '2022-11-12T04:47:33.374Z'
}
{
  level: 'error',
  message: 'vjvfc2k16@gmail.com : Wrong Email/ Password combination!',
  timestamp: '2023-11-21T09:06:43.345Z'
}
{
  level: 'error',
  message: 'vjvfc2k16@gmail.com : Wrong Email/ Password combination!',
  timestamp: '2023-11-21T09:34:00.476Z'
}
{
  level: 'error',
  message: 'vjvfc2k16@gmail.com : Wrong Email/ Password combination!',
  timestamp: '2023-11-21T09:34:03.203Z'
}
{
  level: 'error',
  message: 'admin@ltwtech.it : Wrong Email/ Password combination!',
  timestamp: '2023-11-21T11:01:43.315Z'
}
{
  level: 'error',
  message: 'admin@ltwtech.it : Wrong Email/ Password combination!',
  timestamp: '2023-11-21T11:01:46.200Z'
}
{
  level: 'error',
  message: 'admin@ltwtech.it : Wrong Email/ Password combination!',
  timestamp: '2023-11-21T11:01:47.452Z'
}
{
  level: 'error',
  message: 'admin@ltwtech.it : Wrong Email/ Password combination!',
  timestamp: '2023-11-21T11:01:48.933Z'
}
{
  level: 'error',
  message: 'admin@ltwtech.it : Wrong Email/ Password combination!',
  timestamp: '2023-11-21T11:01:50.405Z'
}
{
  level: 'error',
  message: 'admin@ltwtech.it : Wrong Email/ Password combination!',
  timestamp: '2023-11-21T11:01:51.999Z'
}
{
  level: 'error',
  message: 'admin@ltwtech.it : Wrong Email/ Password combination!',
  timestamp: '2023-11-21T11:01:59.283Z'
}
{
  level: 'error',
  message: 'admin@ltwtech.it : Wrong Email/ Password combination!',
  timestamp: '2023-11-21T11:02:03.574Z'
}
{
  level: 'error',
  message: 'admin@ltwtech.it : Wrong Email/ Password combination!',
  timestamp: '2023-11-21T11:02:08.415Z'
}
{
  level: 'error',
  message: 'admin@ltwtech.it : Wrong Email/ Password combination!',
  timestamp: '2023-11-21T11:29:19.668Z'
}
{
  level: 'error',
  message: 'admin@ltwtech.it : Wrong Email/ Password combination!',
  timestamp: '2023-11-22T11:58:08.448Z'
}
