{
  level: 'info',
  message: 'admin@ltwtech.it logged in...',
  timestamp: '2022-10-31T08:22:38.744Z'
}
{
  level: 'info',
  message: 'admin@ltwtech.it logged in...',
  timestamp: '2022-10-31T08:23:06.806Z'
}
{
  level: 'info',
  message: 'admin@ltwtech.it logged in...',
  timestamp: '2022-10-31T08:31:30.680Z'
}
{
  level: 'info',
  message: 'admin@ltwtech.it logged in...',
  timestamp: '2022-10-31T08:32:04.891Z'
}
{
  level: 'error',
  message: 'admin@ltwtech.it : Wrong Email/ Password combination!',
  timestamp: '2022-10-31T08:33:00.112Z'
}
{
  level: 'error',
  message: 'admin@ltwtech.it : Wrong Email/ Password combination!',
  timestamp: '2022-10-31T08:33:03.025Z'
}
{
  level: 'error',
  message: 'admin@ltwtech.it : Wrong Email/ Password combination!',
  timestamp: '2022-10-31T08:36:43.933Z'
}
{
  level: 'info',
  message: 'admin@ltwtech.it logged in...',
  timestamp: '2022-10-31T08:38:23.098Z'
}
{
  level: 'info',
  message: 'admin@ltwtech.it logged in...',
  timestamp: '2022-10-31T08:38:55.330Z'
}
{
  level: 'error',
  message: 'admin@ltwtech.it : Wrong Email/ Password combination!',
  timestamp: '2022-10-31T09:46:17.050Z'
}
{
  level: 'info',
  message: 'admin@ltwtech.it logged in...',
  timestamp: '2022-10-31T09:46:19.437Z'
}
{
  level: 'info',
  message: 'admin@ltwtech.it logged in...',
  timestamp: '2022-10-31T10:07:29.529Z'
}
{
  level: 'info',
  message: 'admin@ltwtech.it logged in...',
  timestamp: '2022-10-31T10:13:53.549Z'
}
{
  level: 'info',
  message: 'admin@ltwtech.it logged in...',
  timestamp: '2022-10-31T10:14:56.643Z'
}
{
  level: 'info',
  message: 'admin@ltwtech.it logged in...',
  timestamp: '2022-10-31T10:19:59.848Z'
}
{
  level: 'info',
  message: 'admin@ltwtech.it logged in...',
  timestamp: '2022-10-31T10:30:40.142Z'
}
{
  level: 'info',
  message: 'admin@ltwtech.it logged in...',
  timestamp: '2022-10-31T10:38:02.102Z'
}
{
  level: 'info',
  message: 'admin@ltwtech.it logged in...',
  timestamp: '2022-10-31T10:39:05.947Z'
}
{
  level: 'info',
  message: 'admin@ltwtech.it logged in...',
  timestamp: '2022-11-01T02:56:12.874Z'
}
{
  level: 'info',
  message: 'admin@ltwtech.it logged in...',
  timestamp: '2022-11-01T02:57:34.248Z'
}
{
  level: 'info',
  message: 'admin@ltwtech.it logged in...',
  timestamp: '2022-11-01T02:58:09.015Z'
}
{
  level: 'info',
  message: 'admin@ltwtech.it logged in...',
  timestamp: '2022-11-01T03:00:29.084Z'
}
{
  level: 'info',
  message: 'admin@ltwtech.it logged in...',
  timestamp: '2022-11-01T03:04:51.274Z'
}
{
  level: 'info',
  message: 'admin@ltwtech.it logged in...',
  timestamp: '2022-11-01T03:28:56.726Z'
}
{
  level: 'info',
  message: 'admin@ltwtech.it logged in...',
  timestamp: '2022-11-01T03:38:36.881Z'
}
{
  level: 'info',
  message: 'admin@ltwtech.it logged in...',
  timestamp: '2022-11-01T03:39:23.565Z'
}
{
  level: 'info',
  message: 'admin@ltwtech.it logged in...',
  timestamp: '2022-11-01T03:42:02.474Z'
}
{
  level: 'info',
  message: 'admin@ltwtech.it logged in...',
  timestamp: '2022-11-01T04:10:26.143Z'
}
{
  level: 'info',
  message: 'admin@ltwtech.it logged in...',
  timestamp: '2022-11-01T04:53:28.430Z'
}
{
  level: 'info',
  message: 'admin@ltwtech.it logged in...',
  timestamp: '2022-11-01T04:55:43.176Z'
}
{
  level: 'info',
  message: 'admin@ltwtech.it logged in...',
  timestamp: '2022-11-01T05:25:48.817Z'
}
{
  level: 'info',
  message: 'admin@ltwtech.it logged in...',
  timestamp: '2022-11-01T05:28:15.901Z'
}
{
  level: 'info',
  message: 'admin@ltwtech.it logged in...',
  timestamp: '2022-11-01T05:54:41.328Z'
}
{
  level: 'info',
  message: 'admin@ltwtech.it logged in...',
  timestamp: '2022-11-01T07:56:06.395Z'
}
{
  level: 'info',
  message: 'admin@ltwtech.it logged in...',
  timestamp: '2022-11-01T08:23:57.680Z'
}
{
  level: 'info',
  message: 'admin@ltwtech.it logged in...',
  timestamp: '2022-11-01T08:31:10.664Z'
}
{
  level: 'info',
  message: 'admin@ltwtech.it logged in...',
  timestamp: '2022-11-01T08:31:50.422Z'
}
{
  level: 'info',
  message: 'admin@ltwtech.it logged in...',
  timestamp: '2022-11-02T03:27:36.386Z'
}
{
  level: 'info',
  message: 'admin@ltwtech.it logged in...',
  timestamp: '2022-11-02T03:28:06.310Z'
}
{
  level: 'info',
  message: 'vjvfc2k16@gmail.com logged in...',
  timestamp: '2022-11-02T03:57:15.303Z'
}
{
  level: 'info',
  message: 'admin@ltwtech.it logged in...',
  timestamp: '2022-11-02T05:01:31.758Z'
}
{
  level: 'info',
  message: 'vjvfc2k16@gmail.com logged in...',
  timestamp: '2022-11-02T05:40:26.888Z'
}
{
  level: 'info',
  message: 'vjvfc2k16@gmail.com logged in...',
  timestamp: '2022-11-02T05:43:44.061Z'
}
{
  level: 'info',
  message: 'admin@ltwtech.it logged in...',
  timestamp: '2022-11-02T05:46:21.173Z'
}
{
  level: 'info',
  message: 'admin@ltwtech.it logged in...',
  timestamp: '2022-11-02T05:47:09.989Z'
}
{
  level: 'info',
  message: 'admin@ltwtech.it logged in...',
  timestamp: '2022-11-02T05:48:06.706Z'
}
{
  level: 'info',
  message: 'admin@ltwtech.it logged in...',
  timestamp: '2022-11-02T05:48:31.880Z'
}
{
  level: 'info',
  message: 'vjvfc2k16@gmail.com logged in...',
  timestamp: '2022-11-02T06:50:07.524Z'
}
{
  level: 'info',
  message: 'vjvfc2k16@gmail.com logged in...',
  timestamp: '2022-11-02T06:50:46.249Z'
}
{
  level: 'error',
  message: 'vjvfc2k16@gmail.com : Wrong Email/ Password combination!',
  timestamp: '2022-11-02T06:54:29.505Z'
}
{
  level: 'info',
  message: 'vjvfc2k16@gmail.com logged in...',
  timestamp: '2022-11-02T06:54:32.297Z'
}
{
  level: 'info',
  message: 'admin@ltwtech.it logged in...',
  timestamp: '2022-11-02T07:10:51.002Z'
}
{
  level: 'error',
  message: 'vjvfc2k16@gmail.com : Wrong Email/ Password combination!',
  timestamp: '2022-11-02T08:42:57.881Z'
}
{
  level: 'info',
  message: 'vjvfc2k16@gmail.com logged in...',
  timestamp: '2022-11-02T08:42:59.777Z'
}
{
  level: 'info',
  message: 'admin@ltwtech.it logged in...',
  timestamp: '2022-11-02T08:46:08.910Z'
}
{
  level: 'error',
  message: 'vjvfc2k16@gmail.com : Wrong Email/ Password combination!',
  timestamp: '2022-11-02T08:55:33.328Z'
}
{
  level: 'info',
  message: 'vjvfc2k16@gmail.com logged in...',
  timestamp: '2022-11-02T08:55:36.492Z'
}
{
  level: 'info',
  message: 'admin@ltwtech.it logged in...',
  timestamp: '2022-11-02T08:57:17.230Z'
}
{
  level: 'info',
  message: 'admin@ltwtech.it logged in...',
  timestamp: '2022-11-02T08:57:51.496Z'
}
{
  level: 'info',
  message: 'vjvfc2k16@gmail.com logged in...',
  timestamp: '2022-11-02T10:17:30.399Z'
}
{
  level: 'info',
  message: 'vjvfc2k16@gmail.com logged in...',
  timestamp: '2022-11-02T10:22:42.967Z'
}
{
  level: 'info',
  message: 'vjvfc2k16@gmail.com logged in...',
  timestamp: '2022-11-02T10:47:32.710Z'
}
{
  level: 'info',
  message: 'vjvfc2k16@gmail.com logged in...',
  timestamp: '2022-11-02T16:49:31.690Z'
}
{
  level: 'info',
  message: 'vjvfc2k16@gmail.com logged in...',
  timestamp: '2022-11-02T17:08:35.903Z'
}
{
  level: 'info',
  message: 'vjvfc2k16@gmail.com logged in...',
  timestamp: '2022-11-02T17:09:32.699Z'
}
{
  level: 'error',
  message: 'vjvfc2k16@gmail.com : Wrong Email/ Password combination!',
  timestamp: '2022-11-03T04:07:51.347Z'
}
{
  level: 'info',
  message: 'vjvfc2k16@gmail.com logged in...',
  timestamp: '2022-11-03T04:07:55.133Z'
}
{
  level: 'error',
  message: 'vjvfc2k16@gmail.com : Wrong Email/ Password combination!',
  timestamp: '2022-11-03T05:07:46.531Z'
}
{
  level: 'info',
  message: 'vjvfc2k16@gmail.com logged in...',
  timestamp: '2022-11-03T05:07:49.097Z'
}
{
  level: 'error',
  message: 'vjvfc2k16@gmail.com : Wrong Email/ Password combination!',
  timestamp: '2022-11-03T05:11:30.794Z'
}
{
  level: 'info',
  message: 'vjvfc2k16@gmail.com logged in...',
  timestamp: '2022-11-03T05:11:33.042Z'
}
{
  level: 'error',
  message: 'vjvfc2k16@gmail.com : Wrong Email/ Password combination!',
  timestamp: '2022-11-03T05:35:41.045Z'
}
{
  level: 'info',
  message: 'vjvfc2k16@gmail.com logged in...',
  timestamp: '2022-11-03T05:35:43.111Z'
}
{
  level: 'info',
  message: 'vjvfc2k16@gmail.com logged in...',
  timestamp: '2022-11-03T06:10:06.101Z'
}
{
  level: 'error',
  message: 'vjvfc2k16@gmail.com : Wrong Email/ Password combination!',
  timestamp: '2022-11-03T06:24:42.243Z'
}
{
  level: 'info',
  message: 'vjvfc2k16@gmail.com logged in...',
  timestamp: '2022-11-03T06:24:43.576Z'
}
{
  level: 'error',
  message: 'vjvfc2k16@gmail.com : Wrong Email/ Password combination!',
  timestamp: '2022-11-03T07:00:47.716Z'
}
{
  level: 'info',
  message: 'vjvfc2k16@gmail.com logged in...',
  timestamp: '2022-11-03T07:00:49.836Z'
}
{
  level: 'info',
  message: 'vjvfc2k16@gmail.com logged in...',
  timestamp: '2022-11-03T07:28:40.268Z'
}
{
  level: 'info',
  message: 'vjvfc2k16@gmail.com logged in...',
  timestamp: '2022-11-03T07:43:42.271Z'
}
{
  level: 'info',
  message: 'vjvfc2k16@gmail.com logged in...',
  timestamp: '2022-11-03T08:09:43.880Z'
}
{
  level: 'info',
  message: 'vjvfc2k16@gmail.com logged in...',
  timestamp: '2022-11-03T09:17:17.685Z'
}
{
  level: 'info',
  message: 'vjvfc2k16@gmail.com logged in...',
  timestamp: '2022-11-03T09:31:07.261Z'
}
{
  level: 'info',
  message: 'admin@ltwtech.it logged in...',
  timestamp: '2022-11-03T10:22:29.139Z'
}
{
  level: 'info',
  message: 'admin@ltwtech.it logged in...',
  timestamp: '2022-11-03T10:27:56.176Z'
}
{
  level: 'info',
  message: 'admin@ltwtech.it logged in...',
  timestamp: '2022-11-03T10:28:31.950Z'
}
{
  level: 'info',
  message: 'admin@ltwtech.it logged in...',
  timestamp: '2022-11-03T17:30:08.326Z'
}
{
  level: 'info',
  message: 'admin@ltwtech.it logged in...',
  timestamp: '2022-11-03T17:43:01.433Z'
}
{
  level: 'info',
  message: 'abc@gmail.com logged in...',
  timestamp: '2022-11-03T17:45:04.729Z'
}
{
  level: 'info',
  message: 'abc@gmail.com logged in...',
  timestamp: '2022-11-03T17:51:05.768Z'
}
{
  level: 'info',
  message: 'admin@ltwtech.it logged in...',
  timestamp: '2022-11-03T17:51:40.840Z'
}
{
  level: 'info',
  message: 'abc@gmail.com logged in...',
  timestamp: '2022-11-03T17:52:28.345Z'
}
{
  level: 'info',
  message: 'admin@ltwtech.it logged in...',
  timestamp: '2022-11-03T17:54:07.495Z'
}
{
  level: 'info',
  message: 'admin@ltwtech.it logged in...',
  timestamp: '2022-11-03T17:57:19.794Z'
}
{
  level: 'info',
  message: 'admin@ltwtech.it logged in...',
  timestamp: '2022-11-03T17:58:22.515Z'
}
{
  level: 'info',
  message: 'admin@ltwtech.it logged in...',
  timestamp: '2022-11-03T18:12:53.962Z'
}
{
  level: 'info',
  message: 'admin@ltwtech.it logged in...',
  timestamp: '2022-11-03T18:35:23.036Z'
}
{
  level: 'info',
  message: 'admin@ltwtech.it logged in...',
  timestamp: '2022-11-03T18:54:56.729Z'
}
{
  level: 'info',
  message: 'admin@ltwtech.it logged in...',
  timestamp: '2022-11-04T03:29:46.146Z'
}
{
  level: 'info',
  message: 'admin@ltwtech.it logged in...',
  timestamp: '2022-11-04T04:04:51.901Z'
}
{
  level: 'info',
  message: 'admin@ltwtech.it logged in...',
  timestamp: '2022-11-04T05:49:00.348Z'
}
{
  level: 'error',
  message: 'admin@ltwtech.it : Wrong Email/ Password combination!',
  timestamp: '2022-11-04T05:51:29.842Z'
}
{
  level: 'info',
  message: 'admin@ltwtech.it logged in...',
  timestamp: '2022-11-04T05:51:34.080Z'
}
{
  level: 'info',
  message: 'admin@ltwtech.it logged in...',
  timestamp: '2022-11-04T05:51:48.073Z'
}
{
  level: 'info',
  message: 'admin@ltwtech.it logged in...',
  timestamp: '2022-11-04T11:58:57.695Z'
}
{
  level: 'error',
  message: 'admin@ltwtech.it : Wrong Email/ Password combination!',
  timestamp: '2022-11-07T03:51:07.134Z'
}
{
  level: 'error',
  message: 'admin@ltwtech.it : Wrong Email/ Password combination!',
  timestamp: '2022-11-07T03:51:10.073Z'
}
{
  level: 'error',
  message: 'admin@ltwtech.it : Wrong Email/ Password combination!',
  timestamp: '2022-11-07T03:51:11.358Z'
}
{
  level: 'info',
  message: 'admin@ltwtech.it logged in...',
  timestamp: '2022-11-07T03:53:09.444Z'
}
{
  level: 'info',
  message: 'admin@ltwtech.it logged in...',
  timestamp: '2022-11-08T06:07:42.621Z'
}
{
  level: 'info',
  message: 'admin@ltwtech.it logged in...',
  timestamp: '2022-11-08T06:09:32.737Z'
}
{
  level: 'info',
  message: 'admin@ltwtech.it logged in...',
  timestamp: '2022-11-08T07:54:04.952Z'
}
{
  level: 'info',
  message: 'admin@ltwtech.it logged in...',
  timestamp: '2022-11-08T08:02:31.476Z'
}
{
  level: 'info',
  message: 'admin@ltwtech.it logged in...',
  timestamp: '2022-11-08T08:05:04.796Z'
}
{
  level: 'info',
  message: 'admin@ltwtech.it logged in...',
  timestamp: '2022-11-08T08:08:11.898Z'
}
{
  level: 'info',
  message: 'admin@ltwtech.it logged in...',
  timestamp: '2022-11-08T08:08:38.296Z'
}
{
  level: 'info',
  message: 'admin@ltwtech.it logged in...',
  timestamp: '2022-11-08T08:08:59.027Z'
}
{
  level: 'info',
  message: 'admin@ltwtech.it logged in...',
  timestamp: '2022-11-08T08:10:29.198Z'
}
{
  level: 'info',
  message: 'admin@ltwtech.it logged in...',
  timestamp: '2022-11-08T08:11:36.566Z'
}
{
  level: 'info',
  message: 'admin@ltwtech.it logged in...',
  timestamp: '2022-11-08T08:13:14.427Z'
}
{
  level: 'info',
  message: 'admin@ltwtech.it logged in...',
  timestamp: '2022-11-08T08:13:31.266Z'
}
{
  level: 'info',
  message: 'admin@ltwtech.it logged in...',
  timestamp: '2022-11-08T08:13:38.025Z'
}
{
  level: 'info',
  message: 'admin@ltwtech.it logged in...',
  timestamp: '2022-11-08T08:13:52.147Z'
}
{
  level: 'info',
  message: 'admin@ltwtech.it logged in...',
  timestamp: '2022-11-08T08:17:19.592Z'
}
{
  level: 'info',
  message: 'admin2@ltwtech.it logged in...',
  timestamp: '2022-11-08T08:25:56.286Z'
}
{
  level: 'info',
  message: 'admin2@ltwtech.it logged in...',
  timestamp: '2022-11-08T08:43:07.410Z'
}
{
  level: 'info',
  message: 'user@ltwtech.it logged in...',
  timestamp: '2022-11-08T08:47:44.772Z'
}
{
  level: 'info',
  message: 'admin@ltwtech.it logged in...',
  timestamp: '2022-11-08T09:01:07.299Z'
}
{
  level: 'info',
  message: 'admin@ltwtech.it logged in...',
  timestamp: '2022-11-09T03:29:38.074Z'
}
{
  level: 'info',
  message: 'admin@ltwtech.it logged in...',
  timestamp: '2022-11-09T06:30:11.251Z'
}
{
  level: 'info',
  message: 'admin@ltwsales.com logged in...',
  timestamp: '2022-11-09T07:27:21.547Z'
}
{
  level: 'info',
  message: 'admin@ltwtech.it logged in...',
  timestamp: '2022-11-09T07:27:46.128Z'
}
{
  level: 'info',
  message: 'admin@ltwtech.it logged in...',
  timestamp: '2022-11-09T07:41:16.584Z'
}
{
  level: 'info',
  message: 'vjvfc2k16@gmail.com logged in...',
  timestamp: '2022-11-09T07:52:06.425Z'
}
{
  level: 'info',
  message: 'admin@ltwtech.it logged in...',
  timestamp: '2022-11-09T08:05:12.020Z'
}
{
  level: 'info',
  message: 'admin@ltwtech.it logged in...',
  timestamp: '2022-11-10T03:51:14.338Z'
}
{
  level: 'info',
  message: 'admin@ltwtech.it logged in...',
  timestamp: '2022-11-10T05:22:16.051Z'
}
{
  level: 'info',
  message: 'admin@ltwtech.it logged in...',
  timestamp: '2022-11-11T05:23:18.430Z'
}
{
  level: 'info',
  message: 'abc@gmail.com logged in...',
  timestamp: '2022-11-11T05:23:36.840Z'
}
{
  level: 'info',
  message: 'admin@ltwtech.it logged in...',
  timestamp: '2022-11-11T05:25:31.723Z'
}
{
  level: 'info',
  message: 'admin@ltwtech.it logged in...',
  timestamp: '2022-11-11T05:33:41.034Z'
}
{
  level: 'info',
  message: 'admin@ltwtech.it logged in...',
  timestamp: '2022-11-11T05:34:28.662Z'
}
{
  level: 'info',
  message: 'admin@ltwtech.it logged in...',
  timestamp: '2022-11-11T07:06:33.208Z'
}
{
  level: 'info',
  message: 'admin@ltwtech.it logged in...',
  timestamp: '2022-11-11T07:10:59.614Z'
}
{
  level: 'info',
  message: 'admin@ltwtech.it logged in...',
  timestamp: '2022-11-11T09:48:49.970Z'
}
{
  level: 'info',
  message: 'admin@ltwtech.it logged in...',
  timestamp: '2022-11-11T10:03:13.643Z'
}
{
  level: 'info',
  message: 'admin@ltwtech.it logged in...',
  timestamp: '2022-11-11T10:03:55.035Z'
}
{
  level: 'info',
  message: 'abc@gmail.com logged in...',
  timestamp: '2022-11-11T10:04:08.605Z'
}
{
  level: 'info',
  message: 'abc@gmail.com logged in...',
  timestamp: '2022-11-11T10:06:38.900Z'
}
{
  level: 'info',
  message: 'admin@ltwtech.it logged in...',
  timestamp: '2022-11-11T10:09:37.585Z'
}
{
  level: 'info',
  message: 'abc@gmail.com logged in...',
  timestamp: '2022-11-11T10:09:52.718Z'
}
{
  level: 'info',
  message: 'abc@gmail.com logged in...',
  timestamp: '2022-11-11T10:12:25.952Z'
}
{
  level: 'info',
  message: 'abc@gmail.com logged in...',
  timestamp: '2022-11-11T10:12:50.435Z'
}
{
  level: 'info',
  message: 'abc@gmail.com logged in...',
  timestamp: '2022-11-11T10:13:37.410Z'
}
{
  level: 'info',
  message: 'abc@gmail.com logged in...',
  timestamp: '2022-11-11T10:14:41.275Z'
}
{
  level: 'info',
  message: 'abc@gmail.com logged in...',
  timestamp: '2022-11-11T10:14:47.373Z'
}
{
  level: 'info',
  message: 'abc@gmail.com logged in...',
  timestamp: '2022-11-11T10:15:43.480Z'
}
{
  level: 'info',
  message: 'abc@gmail.com logged in...',
  timestamp: '2022-11-11T10:16:18.535Z'
}
{
  level: 'info',
  message: 'admin@ltwtech.it logged in...',
  timestamp: '2022-11-11T10:20:13.563Z'
}
{
  level: 'info',
  message: 'abc@gmail.com logged in...',
  timestamp: '2022-11-11T10:21:42.248Z'
}
{
  level: 'info',
  message: 'admin@ltwtech.it logged in...',
  timestamp: '2022-11-11T10:22:41.277Z'
}
{
  level: 'info',
  message: 'admin@ltwtech.it logged in...',
  timestamp: '2022-11-11T10:27:09.951Z'
}
{
  level: 'info',
  message: 'abc@gmail.com logged in...',
  timestamp: '2022-11-11T10:35:12.937Z'
}
{
  level: 'info',
  message: 'admin@ltwtech.it logged in...',
  timestamp: '2022-11-11T10:41:28.653Z'
}
{
  level: 'info',
  message: 'admin@ltwtech.it logged in...',
  timestamp: '2022-11-12T04:46:36.152Z'
}
{
  level: 'error',
  message: 'abc@gmail.com : Wrong Email/ Password combination!',
  timestamp: '2022-11-12T04:47:33.374Z'
}
{
  level: 'info',
  message: 'abc@gmail.com logged in...',
  timestamp: '2022-11-12T04:47:37.442Z'
}
{
  level: 'info',
  message: 'admin@ltwtech.it logged in...',
  timestamp: '2022-11-12T04:54:05.367Z'
}
{
  level: 'info',
  message: 'admin@ltwtech.it logged in...',
  timestamp: '2022-11-12T05:43:52.458Z'
}
{
  level: 'info',
  message: 'admin@ltwtech.it logged in...',
  timestamp: '2022-11-12T05:45:44.805Z'
}
{
  level: 'info',
  message: 'temp@gmail.com logged in...',
  timestamp: '2022-11-12T05:46:12.017Z'
}
{
  level: 'info',
  message: 'admin@ltwtech.it logged in...',
  timestamp: '2022-11-12T05:46:32.541Z'
}
{
  level: 'info',
  message: 'admin@ltwtech.it logged in...',
  timestamp: '2022-11-14T07:54:31.274Z'
}
{
  level: 'info',
  message: 'admin@ltwtech.it logged in...',
  timestamp: '2022-11-14T14:42:26.406Z'
}
{
  level: 'info',
  message: 'admin@ltwtech.it logged in...',
  timestamp: '2022-11-15T04:32:09.511Z'
}
{
  level: 'info',
  message: 'admin@ltwtech.it logged in...',
  timestamp: '2022-11-15T07:55:56.348Z'
}
{
  level: 'info',
  message: 'admin@ltwtech.it logged in...',
  timestamp: '2022-11-17T04:09:33.743Z'
}
{
  level: 'info',
  message: 'admin@ltwtech.it logged in...',
  timestamp: '2022-11-17T17:49:58.897Z'
}
{
  level: 'info',
  message: 'admin@ltwtech.it logged in...',
  timestamp: '2022-11-18T06:27:56.706Z'
}
{
  level: 'info',
  message: 'admin@ltwtech.it logged in...',
  timestamp: '2022-11-21T03:08:35.694Z'
}
{
  level: 'info',
  message: 'admin@ltwtech.it logged in...',
  timestamp: '2022-11-21T05:43:57.441Z'
}
{
  level: 'info',
  message: 'admin@ltwtech.it logged in...',
  timestamp: '2022-11-21T06:07:17.076Z'
}
{
  level: 'info',
  message: 'admin@ltwtech.it logged in...',
  timestamp: '2022-11-21T07:07:34.694Z'
}
{
  level: 'info',
  message: 'user1@ltwtech.it logged in...',
  timestamp: '2022-11-21T10:18:16.297Z'
}
{
  level: 'info',
  message: 'user1@ltwtech.it logged in...',
  timestamp: '2022-11-21T10:19:56.257Z'
}
{
  level: 'info',
  message: 'user1@ltwtech.it logged in...',
  timestamp: '2022-11-21T10:20:36.276Z'
}
{
  level: 'info',
  message: 'user1@ltwtech.it logged in...',
  timestamp: '2022-11-21T10:23:47.708Z'
}
